<?xml version="1.0" encoding="UTF-8"?>
<!-- Generated by org.testng.reporters.JUnitXMLReporter -->
<testsuite ignored="0" hostname="SELVA" failures="0" tests="2" name="Test" time="33.909" errors="0" timestamp="2021-03-20T18:46:40 IST">
  <testcase classname="com.maven.pageobject.TestScript.TC001_SignUp" name="validate_click_createAccount" time="3.324"/>
  <testcase classname="com.maven.pageobject.TestScript.TC001_SignUp" name="validate_sendKeys_fullName" time="0.048"/>
</testsuite> <!-- Test -->
