<?xml version="1.0" encoding="UTF-8"?>
<!-- Generated by org.testng.reporters.JUnitXMLReporter -->
<testsuite hostname="SELVA" ignored="0" name="Test" tests="2" failures="0" timestamp="2021-03-23T10:20:18 IST" time="15.486" errors="0">
  <testcase name="validate_click_createAccount" time="1.457" classname="com.maven.pageobject.TestScript.TC001_SignUp"/>
  <testcase name="validate_sendKeys_fullName" time="0.078" classname="com.maven.pageobject.TestScript.TC001_SignUp"/>
</testsuite> <!-- Test -->
